<?xml version="1.0" encoding="UTF-8"?>
<coverage generated="1504551341056" clover="3.2.0">
  <project timestamp="1504551341057" name="All files">
    <metrics statements="10" coveredstatements="8" conditionals="0" coveredconditionals="0" methods="2" coveredmethods="2" elements="12" coveredelements="10" complexity="0" loc="10" ncloc="10" packages="1" files="2" classes="2">
      <file name="Search.js" path="/Users/absett/Documents/Work/Video-Search-React/js/Search.js">
        <metrics statements="6" coveredstatements="6" conditionals="0" coveredconditionals="0" methods="2" coveredmethods="2"/>
        <line num="6" count="1" type="stmt"/>
        <line num="8" count="3" type="stmt"/>
        <line num="13" count="1" type="stmt"/>
        <line num="18" count="4" type="stmt"/>
        <line num="27" count="60" type="stmt"/>
        <line num="31" count="46" type="stmt"/>
      </file>
      <file name="ShowCard.js" path="/Users/absett/Documents/Work/Video-Search-React/js/ShowCard.js">
        <metrics statements="4" coveredstatements="2" conditionals="0" coveredconditionals="0" methods="0" coveredmethods="0"/>
        <line num="4" count="1" type="stmt"/>
        <line num="5" count="1" type="stmt"/>
        <line num="13" count="0" type="stmt"/>
        <line num="14" count="0" type="stmt"/>
      </file>
    </metrics>
  </project>
</coverage>
