{"/Users/absett/Documents/Work/Video-Search-React/js/Search.js": {"path":"/Users/absett/Documents/Work/Video-Search-React/js/Search.js","statementMap":{"0":{"start":{"line":6,"column":15},"end":{"line":39,"column":2}},"1":{"start":{"line":8,"column":4},"end":{"line":10,"column":5}},"2":{"start":{"line":13,"column":4},"end":{"line":15,"column":6}},"3":{"start":{"line":18,"column":4},"end":{"line":37,"column":5}},"4":{"start":{"line":27,"column":14},"end":{"line":28,"column":64}},"5":{"start":{"line":31,"column":12},"end":{"line":33,"column":13}}},"fnMap":{"0":{"name":"(anonymous_0)","decl":{"start":{"line":26,"column":20},"end":{"line":26,"column":21}},"loc":{"start":{"line":26,"column":30},"end":{"line":29,"column":13}},"line":26},"1":{"name":"(anonymous_1)","decl":{"start":{"line":30,"column":17},"end":{"line":30,"column":18}},"loc":{"start":{"line":30,"column":27},"end":{"line":34,"column":11}},"line":30}},"branchMap":{},"s":{"0":1,"1":3,"2":1,"3":4,"4":60,"5":46},"f":{"0":60,"1":46},"b":{},"_coverageSchema":"332fd63041d2c1bcb487cc26dd0d5f7d97098a6c","hash":"ad3d329f996b390bc71926ca3551d0946d6e1375"}
,"/Users/absett/Documents/Work/Video-Search-React/js/ShowCard.js": {"path":"/Users/absett/Documents/Work/Video-Search-React/js/ShowCard.js","statementMap":{"0":{"start":{"line":4,"column":19},"end":{"line":4,"column":34}},"1":{"start":{"line":5,"column":17},"end":{"line":25,"column":2}},"2":{"start":{"line":13,"column":49},"end":{"line":13,"column":59}},"3":{"start":{"line":14,"column":4},"end":{"line":23,"column":5}}},"fnMap":{},"branchMap":{},"s":{"0":1,"1":1,"2":0,"3":0},"f":{},"b":{},"_coverageSchema":"332fd63041d2c1bcb487cc26dd0d5f7d97098a6c","hash":"f98afa5509a0f69fc67ea5911c8a4e40d766d91c"}
}
